
> showcase@ build C:\empreendedorismo\seedgrid\front\apps\showcase
> next build

   ▲ Next.js 15.0.7

   Creating an optimized production build ...
 ✓ Compiled successfully
   Linting and checking validity of types ...
   Collecting page data ...
   Generating static pages (0/25) ...
   Generating static pages (6/25) 
   Generating static pages (12/25) 
   Generating static pages (18/25) 
 ✓ Generating static pages (25/25)
   Finalizing page optimization ...
   Collecting build traces ...

Route (app)                              Size     First Load JS
┌ ○ /                                    2.36 kB         151 kB
├ ○ /_not-found                          896 B           101 kB
├ ○ /components/sg-autocomplete          2.42 kB         186 kB
├ ○ /components/sg-benchmark             2.19 kB         146 kB
├ ○ /components/sg-button                3.25 kB         147 kB
├ ○ /components/sg-float-action-button   3.02 kB         187 kB
├ ○ /components/sg-group-box             1.87 kB         185 kB
├ ○ /components/sg-input-birth-date      1.47 kB         185 kB
├ ○ /components/sg-input-cnpj            3.25 kB         187 kB
├ ○ /components/sg-input-cpf             2.34 kB         186 kB
├ ○ /components/sg-input-cpf-cnpj        2.99 kB         187 kB
├ ○ /components/sg-input-date            1.46 kB         185 kB
├ ○ /components/sg-input-email           2.61 kB         186 kB
├ ○ /components/sg-input-number          4.62 kB         188 kB
├ ○ /components/sg-input-password        2.65 kB         186 kB
├ ○ /components/sg-input-phone           2.29 kB         186 kB
├ ○ /components/sg-input-postal-code     4.72 kB         188 kB
├ ○ /components/sg-input-text            6.3 kB          190 kB
├ ○ /components/sg-input-text-area       4.34 kB         188 kB
├ ○ /components/sg-speed-dial            2.27 kB         186 kB
├ ○ /components/sg-split-button          3.28 kB         147 kB
├ ○ /components/sg-wizard                3.31 kB         187 kB
└ ○ /theme                               2.92 kB         108 kB
+ First Load JS shared by all            100 kB
  ├ chunks/59-d60cf877d886ddb8.js        45.6 kB
  ├ chunks/abf6a57f-b7db400ef22ce450.js  52.5 kB
  └ other shared chunks (total)          1.9 kB


○  (Static)  prerendered as static content

